<?xml version="1.0" encoding="UTF-8"?>
<!-- Generated by org.testng.reporters.JUnitReportReporter -->
<testsuite hostname="DESKTOP-I7KTSAJ" name="com.placefinder.placefinderTest.PlaceFinderPageTest" tests="3" failures="0" timestamp="9 Sep 2019 10:28:12 GMT" time="1.351" errors="0">
  <testcase name="isSearchFieldDisplayed" time="0.203" classname="com.placefinder.placefinderTest.PlaceFinderPageTest"/>
  <testcase name="isPlaceFinderScreenDisplayed" time="0.734" classname="com.placefinder.placefinderTest.PlaceFinderPageTest"/>
  <testcase name="isSearchButtonDisplayed" time="0.414" classname="com.placefinder.placefinderTest.PlaceFinderPageTest"/>
</testsuite> <!-- com.placefinder.placefinderTest.PlaceFinderPageTest -->
